<?xml version="1.0" encoding="UTF-8"?>
<!-- Generated by org.testng.reporters.JUnitXMLReporter -->
<testsuite ignored="0" hostname="DESKTOP-6GBI6I2" failures="0" tests="2" name="Error Validations" time="0.053" errors="0" timestamp="2025-03-05T10:36:28 IST">
  <testcase classname="rahulshetty.Test.ErrorValidations" name="ProductValueValidation" time="0.0">
    <skipped/>
  </testcase> <!-- ProductValueValidation -->
  <testcase classname="rahulshetty.Test.ErrorValidations" name="validateErrorMessage" time="0.0">
    <skipped/>
  </testcase> <!-- validateErrorMessage -->
</testsuite> <!-- Error Validations -->
