<?xml version="1.0" encoding="UTF-8"?>
<!-- Generated by org.testng.reporters.JUnitXMLReporter -->
<testsuite ignored="0" hostname="DESKTOP-6GBI6I2" failures="1" tests="1" name="Submit Order Test" time="0.027" errors="0" timestamp="06 Mar 2025 09:10:14 GMT">
  <testcase classname="rahulshetty.TestComponent.BaseTest" name="@BeforeMethod launchApplication" time="0.014">
    <failure type="java.lang.NullPointerException" message="Cannot invoke &amp;quot;org.openqa.selenium.WebDriver.manage()&amp;quot; because &amp;quot;this.driver&amp;quot; is null">
      <![CDATA[java.lang.NullPointerException: Cannot invoke "org.openqa.selenium.WebDriver.manage()" because "this.driver" is null
at rahulshetty.TestComponent.BaseTest.initializeDriver(BaseTest.java:70)
at rahulshetty.TestComponent.BaseTest.launchApplication(BaseTest.java:108)
at java.base/java.util.concurrent.FutureTask.run(FutureTask.java:317)
at java.base/java.util.concurrent.ThreadPoolExecutor.runWorker(ThreadPoolExecutor.java:1144)
at java.base/java.util.concurrent.ThreadPoolExecutor$Worker.run(ThreadPoolExecutor.java:642)
at java.base/java.lang.Thread.run(Thread.java:1583)
... Removed 17 stack frames]]>
    </failure>
  </testcase> <!-- @BeforeMethod launchApplication -->
  <testcase classname="rahulshetty.TestComponent.BaseTest" name="@BeforeMethod launchApplication" time="0.003">
    <failure type="java.lang.NullPointerException" message="Cannot invoke &amp;quot;org.openqa.selenium.WebDriver.manage()&amp;quot; because &amp;quot;this.driver&amp;quot; is null">
      <![CDATA[java.lang.NullPointerException: Cannot invoke "org.openqa.selenium.WebDriver.manage()" because "this.driver" is null
at rahulshetty.TestComponent.BaseTest.initializeDriver(BaseTest.java:70)
at rahulshetty.TestComponent.BaseTest.launchApplication(BaseTest.java:108)
at java.base/java.util.concurrent.FutureTask.run(FutureTask.java:317)
at java.base/java.util.concurrent.ThreadPoolExecutor.runWorker(ThreadPoolExecutor.java:1144)
at java.base/java.util.concurrent.ThreadPoolExecutor$Worker.run(ThreadPoolExecutor.java:642)
at java.base/java.lang.Thread.run(Thread.java:1583)
... Removed 17 stack frames]]>
    </failure>
  </testcase> <!-- @BeforeMethod launchApplication -->
  <testcase classname="rahulshetty.test.SubmitOrder" name="submitOrder" time="0.015">
    <failure type="org.testng.internal.reflect.MethodMatcherException" message="
Data provider mismatch
Method: submitOrder([Parameter{index=0, type=java.util.HashMap, declaredAnnotations=[]}])
Arguments: [(java.lang.String) anshika@gmail.com,(java.lang.String) Iamking@000,(java.lang.String) ZARA COAT 3]">
      <![CDATA[org.testng.internal.reflect.MethodMatcherException: 
Data provider mismatch
Method: submitOrder([Parameter{index=0, type=java.util.HashMap, declaredAnnotations=[]}])
Arguments: [(java.lang.String) anshika@gmail.com,(java.lang.String) Iamking@000,(java.lang.String) ZARA COAT 3]
at java.base/java.util.concurrent.FutureTask.run(FutureTask.java:317)
at java.base/java.util.concurrent.ThreadPoolExecutor.runWorker(ThreadPoolExecutor.java:1144)
at java.base/java.util.concurrent.ThreadPoolExecutor$Worker.run(ThreadPoolExecutor.java:642)
at java.base/java.lang.Thread.run(Thread.java:1583)
... Removed 11 stack frames]]>
    </failure>
  </testcase> <!-- submitOrder -->
</testsuite> <!-- Submit Order Test -->
